<?xml version="1.0" encoding="UTF-8"?>
<!-- Generated by org.testng.reporters.JUnitReportReporter -->
<testsuite hostname="DESKTOP-KAMH27O" failures="0" tests="3" name="day1_framework.Dataprovider" time="42.329" errors="0" timestamp="2025-09-18T00:40:23 IST" skipped="0">
  <testcase classname="day1_framework.Dataprovider" name="searchMobile" time="13.781"/>
  <testcase classname="day1_framework.Dataprovider" name="searchMobile" time="13.669"/>
  <testcase classname="day1_framework.Dataprovider" name="searchMobile" time="14.879"/>
</testsuite> <!-- day1_framework.Dataprovider -->
