<?xml version="1.0" encoding="UTF-8"?>
<!-- Generated by org.testng.reporters.JUnitReportReporter -->
<testsuite hostname="DESKTOP-KAMH27O" failures="0" tests="1" name="day1_framework.GroupDemo" time="0.013" errors="0" timestamp="2025-09-18T17:34:05 IST" skipped="0">
  <testcase classname="day1_framework.GroupDemo" name="test3" time="0.013"/>
</testsuite> <!-- day1_framework.GroupDemo -->
