<?xml version="1.0" encoding="UTF-8"?>
<!-- Generated by org.testng.reporters.JUnitReportReporter -->
<testsuite hostname="DESKTOP-KAMH27O" failures="0" tests="2" name="day1_framework.AnnotationDemo" time="0.038" errors="0" timestamp="2025-09-11T13:09:40 IST" skipped="0">
  <testcase classname="day1_framework.AnnotationDemo" name="t2" time="0.023"/>
  <testcase classname="day1_framework.AnnotationDemo" name="t1" time="0.015"/>
</testsuite> <!-- day1_framework.AnnotationDemo -->
