<?xml version="1.0" encoding="UTF-8"?>
<!-- Generated by org.testng.reporters.JUnitReportReporter -->
<testsuite hostname="DESKTOP-KAMH27O" failures="0" tests="1" name="day1_framework.Parent" time="4.529" errors="0" timestamp="2025-09-11T19:32:08 IST" skipped="0">
  <testcase classname="day1_framework.Parent" name="LaunchBrowser" time="4.529"/>
</testsuite> <!-- day1_framework.Parent -->
